<?xml version="1.0" encoding="UTF-8"?>
<!-- Generated by org.testng.reporters.JUnitReportReporter -->
<testsuite hostname="DESKTOP-KOMPLEC" failures="0" tests="2" name="runner.TestRunner" time="17.380" errors="0" timestamp="2024-09-08T13:50:10 IST" skipped="0">
  <testcase classname="runner.TestRunner" name="runScenario" time="9.723"/>
  <testcase classname="runner.TestRunner" name="runScenario" time="7.657"/>
</testsuite> <!-- runner.TestRunner -->
