<?xml version="1.0" encoding="UTF-8"?>
<!-- Generated by org.testng.reporters.JUnitReportReporter -->
<testsuite hostname="DESKTOP-KOMPLEC" failures="0" tests="2" name="runner.TestRunner" time="18.760" errors="0" timestamp="2024-09-08T13:51:07 IST" skipped="0">
  <testcase classname="runner.TestRunner" name="runScenario" time="11.153"/>
  <testcase classname="runner.TestRunner" name="runScenario" time="7.607"/>
</testsuite> <!-- runner.TestRunner -->
